{
  "RSpec": {
    "coverage": {
      "/Users/keeganchoudhury/Documents/CSCE431/Homework5/hw-5-acceptance-unit-test-cycle/rottenpotatoes/app/helpers/application_helper.rb": {
        "lines": [
          1,
          null
        ]
      },
      "/Users/keeganchoudhury/Documents/CSCE431/Homework5/hw-5-acceptance-unit-test-cycle/rottenpotatoes/app/helpers/movies_helper.rb": {
        "lines": [
          1,
          null,
          1,
          0,
          null,
          null
        ]
      },
      "/Users/keeganchoudhury/Documents/CSCE431/Homework5/hw-5-acceptance-unit-test-cycle/rottenpotatoes/app/controllers/movies_controller.rb": {
        "lines": [
          1,
          null,
          1,
          0,
          0,
          null,
          null,
          null,
          1,
          2,
          2,
          2,
          1,
          0,
          0,
          null,
          1,
          null,
          null,
          1,
          1,
          null,
          null,
          null,
          1,
          0,
          null,
          null,
          1,
          null,
          null,
          null,
          1,
          1,
          1,
          1,
          null,
          null,
          1,
          0,
          null,
          null,
          1,
          1,
          1,
          1,
          1,
          null,
          null,
          1,
          0,
          0,
          0,
          0,
          null,
          null,
          1,
          null,
          null,
          1,
          2,
          null,
          null
        ]
      },
      "/Users/keeganchoudhury/Documents/CSCE431/Homework5/hw-5-acceptance-unit-test-cycle/rottenpotatoes/app/controllers/application_controller.rb": {
        "lines": [
          1,
          null,
          null,
          1,
          null
        ]
      },
      "/Users/keeganchoudhury/Documents/CSCE431/Homework5/hw-5-acceptance-unit-test-cycle/rottenpotatoes/app/models/movie.rb": {
        "lines": [
          1,
          null,
          1,
          2,
          2,
          2,
          null,
          null,
          null
        ]
      }
    },
    "timestamp": 1641766008
  },
  "Cucumber Features": {
    "coverage": {
      "/Users/keeganchoudhury/Documents/CSCE431/Homework5/hw-5-acceptance-unit-test-cycle/rottenpotatoes/app/models/movie.rb": {
        "lines": [
          1,
          null,
          1,
          0,
          0,
          0,
          null,
          null,
          null
        ]
      },
      "/Users/keeganchoudhury/Documents/CSCE431/Homework5/hw-5-acceptance-unit-test-cycle/rottenpotatoes/app/controllers/movies_controller.rb": {
        "lines": [
          1,
          null,
          1,
          3,
          3,
          null,
          null,
          null,
          1,
          2,
          2,
          2,
          2,
          1,
          1,
          null,
          1,
          null,
          null,
          0,
          0,
          null,
          null,
          null,
          1,
          1,
          null,
          null,
          1,
          null,
          null,
          null,
          1,
          0,
          0,
          0,
          null,
          null,
          1,
          1,
          null,
          null,
          1,
          1,
          1,
          1,
          1,
          null,
          null,
          1,
          0,
          0,
          0,
          0,
          null,
          null,
          1,
          null,
          null,
          1,
          1,
          null,
          null
        ]
      },
      "/Users/keeganchoudhury/Documents/CSCE431/Homework5/hw-5-acceptance-unit-test-cycle/rottenpotatoes/app/controllers/application_controller.rb": {
        "lines": [
          1,
          null,
          null,
          1,
          null
        ]
      },
      "/Users/keeganchoudhury/Documents/CSCE431/Homework5/hw-5-acceptance-unit-test-cycle/rottenpotatoes/app/helpers/application_helper.rb": {
        "lines": [
          1,
          null
        ]
      },
      "/Users/keeganchoudhury/Documents/CSCE431/Homework5/hw-5-acceptance-unit-test-cycle/rottenpotatoes/app/helpers/movies_helper.rb": {
        "lines": [
          1,
          null,
          1,
          0,
          null,
          null
        ]
      }
    },
    "timestamp": 1641766001
  }
}
